C51 COMPILER V9.60.0.0   GN1616                                                            08/11/2021 21:39:34 PAGE 1   


C51 COMPILER V9.60.0.0, COMPILATION OF MODULE GN1616
OBJECT MODULE PLACED IN .\Objects\gn1616.obj
COMPILER INVOKED BY: d:\Keil_v5\C51\BIN\C51.EXE src\gn1616.c OPTIMIZE(8,SPEED) BROWSE INCDIR(.\include) DEBUG OBJECTEXTE
                    -ND PRINT(.\Listings\gn1616.lst) TABS(2) OBJECT(.\Objects\gn1616.obj)

line level    source

   1          #include "start.h"
*** ERROR C129 IN LINE 28 OF .\include\8051.h: missing ';' before '__at'
*** WARNING C320 IN LINE 199 OF .\include\compiler.h: unrecognized compiler
   2          
   3          #define DIO   P1_0        //数据总线
   4          #define CLK   P1_1        //数据时钟
   5          #define STB   P1_2        //片选端
   6          //********************************************//
   7          //  实际使用时仅更改以上头文件和端口定义即可  //
   8          //********************************************//
   9          //********************************************//
  10          //****************主函数**********************//
  11          //********************************************//
  12          void gn1616_start(void)
  13          {
  14          
  15                 // display(0xf0);
  16          
  17          }
  18          //********************************************//
  19          //***************子函数***********************//
  20          //********************************************//
  21          
  22          void delay(void)          //几us的延时
  23          {
  24            u8 i = 2;
  25            while(i--);
  26          
  27          
  28          
  29          }
  30          
  31          void gn1616_ms(u16 ms)    //大约ms级的延时
  32          {
  33            u16 i,j;
  34            for(j=0;j<ms;j++)
  35              for(i=0;i<1000;i++);
  36          }
  37          
  38          void write_data(u8 dat)         //写数据
  39          {
  40            u8 i;
  41            STB = 0;
  42            delay();
  43            for(i=0;i<8;i++)
  44            {
  45              CLK = 0;
  46              delay();
  47              DIO = dat & 0x01;             //低位先传
  48              CLK = 1;
  49              delay();
  50              dat >>=1;
  51            }
  52            delay();
C51 COMPILER V9.60.0.0   GN1616                                                            08/11/2021 21:39:34 PAGE 2   

  53          }
  54          
  55          void write_cmd(u8 cmd)              //写指令
  56          {
  57            STB = 1;
  58            delay();
  59            STB = 0;
  60            delay();
  61            write_data(cmd);                //STB下降沿后的DATA输入的第一个字节为一条指令
  62          }
  63          void display(u8 dat,u8 channel)
  64          {
  65          //u8 i;
  66              write_cmd(0x00);              //显示模式设置：4位*7段
  67            write_cmd(0x44);              //数据设置：普通模式，地址自加，写数据到显示寄存器
  68            write_cmd(channel);             //地址设定：00H
  69            write_data(dat);
  70            write_cmd(0x8f);  
  71          
  72          
  73          }

C51 COMPILATION COMPLETE.  1 WARNING(S),  1 ERROR(S)
