C51 COMPILER V9.60.0.0   HX711                                                             08/11/2021 21:39:35 PAGE 1   


C51 COMPILER V9.60.0.0, COMPILATION OF MODULE HX711
OBJECT MODULE PLACED IN .\Objects\hx711.obj
COMPILER INVOKED BY: d:\Keil_v5\C51\BIN\C51.EXE src\hx711.c OPTIMIZE(8,SPEED) BROWSE INCDIR(.\include) DEBUG OBJECTEXTEN
                    -D PRINT(.\Listings\hx711.lst) TABS(2) OBJECT(.\Objects\hx711.obj)

line level    source

   1          #include "delay.h"
*** ERROR C129 IN LINE 28 OF .\include\8051.h: missing ';' before '__at'
*** WARNING C320 IN LINE 199 OF .\include\compiler.h: unrecognized compiler
   2          //****************************************************
   3          //HTI_Hx711驱动程序；包括气压传感器XGZP6847和温度NTC 3950 10K %1
   4          //****************************************************
   5          #define  HX711_DOUT P1_3
   6          #define  HX711_SCK P1_4
   7          
   8          void Delay__hx711_us(void)
   9          {
  10            NOP();
  11            NOP();
  12          }
  13          //****************************************************
  14          //HX711驱动：设置channel A 或 B
  15          //****************************************************
  16          unsigned long HX711_Read(u8 channel)  //
  17          {
  18            unsigned long count; 
  19            unsigned char i; 
  20              HX711_DOUT=1; 
  21            Delay__hx711_us();
  22              HX711_SCK=0; 
  23              count=0; 
  24              while(HX711_DOUT); 
  25              for(i=0;i<channel;i++)        
  26            { 
  27                HX711_SCK=1; 
  28                count=count<<1; 
  29              HX711_SCK=0; 
  30                if(HX711_DOUT)
  31                count++; 
  32            } 
  33            HX711_SCK=1; 
  34              count=count^0x800000;//设置channel A 或 B
  35            Delay__hx711_us();
  36            HX711_SCK=0;  
  37            return(count);
  38          }

C51 COMPILATION COMPLETE.  1 WARNING(S),  1 ERROR(S)
