C51 COMPILER V9.60.0.0   UART                                                              08/11/2021 21:39:35 PAGE 1   


C51 COMPILER V9.60.0.0, COMPILATION OF MODULE UART
OBJECT MODULE PLACED IN .\Objects\uart.obj
COMPILER INVOKED BY: d:\Keil_v5\C51\BIN\C51.EXE src\uart.c OPTIMIZE(8,SPEED) BROWSE INCDIR(.\include) DEBUG OBJECTEXTEND
                    - PRINT(.\Listings\uart.lst) TABS(2) OBJECT(.\Objects\uart.obj)

line level    source

   1          #include "start.h"
*** ERROR C129 IN LINE 28 OF .\include\8051.h: missing ';' before '__at'
*** WARNING C320 IN LINE 199 OF .\include\compiler.h: unrecognized compiler
   2          
   3           #if(Seril_Debug==1) 
              char UAR[20],temp,rec_flag=0;
              //定时器2，波特率9600
              void Uart1_Init(void) //@11.0592MHz
              {  
                EA=0;
                ACC = P_SW1;
               ·  ACC &= ~(S1_S0 | S1_S1);     //S1_S0=0 S1_S1=0
                  P_SW1 = ACC;                //(P3.0/RxD, P3.1/TxD)
                SCON = 0x50;    //8位数据,可变波特率
                AUXR |= 0x01;   //串口1选择定时器2为波特率发生器
                AUXR |= 0x04;   //定时器时钟1T模式
                T2L = 0xE0;   //设置定时初始值
                T2H = 0xFE;   //设置定时初始值
                AUXR |= 0x10;   //定时器2开始计时
                  ES  = 1; 
                  EA=1;    
              
              }
              /***************************************************************************/
              void send1_Byte(unsigned char c)
              {
                SBUF = c;
                  while(!TI);        //发送完会自动置1
                  TI=0;
              }
              /*----------------------------
              发送字符串
              ----------------------------*/
              void Send1_String(char *s)
              {
                while (*s)
                {                  //检测字符串结束标志
                    send1_Byte(*s++);
                }
              }
              /*************************************************************
              串口接收到的数据存入UAR数组中，当接收到0x0D时表示数据接收结束
              **************************************************************/
              void UART1_Interrupt(void)__interrupt UART1_VECTOR    //串口中断函数接收程序
              {  
                static unsigned char i; 
                if (RI){      
                  RI=0;  
                    temp = SBUF;
                  UAR[i]=temp;//接收到的数据存入数组UAR中
                  i++;
                  if(temp==0x0D){ 
                    i=0;
                    rec_flag=1;//定义接收完成标志位
C51 COMPILER V9.60.0.0   UART                                                              08/11/2021 21:39:35 PAGE 2   

                  }     
                }
              } 
              /***********************************************************************/
              void UART1_config()
              {
                Uart1_Init();//串口一初始化
                  Send1_String("STC15W204S\r\nUart is ok !\r\n");//发送字符串检测是否初始化成功
              }
              #endif
  63          //串口打印函数不要开启，占内存严重
  64          //*
  65          //void UART1_printf(const char *fmt,...)  
  66          //{  
  67           //   va_list ap;  
  68          //  char teststring[256];  
  69           //   va_start(ap,fmt);  
  70           //   vsprintf(teststring,fmt,ap); 
  71            //  Send1_String(teststring);  
  72             // va_end(ap);  
  73          //} 
  74          
  75          

C51 COMPILATION COMPLETE.  1 WARNING(S),  1 ERROR(S)
